<?xml version="1.0" encoding="UTF-8" ?>
<testsuite errors="2" failures="0" hostname="Lynn-PC" name="org.selenium.junit.FindElementByName" skipped="0" tests="1" time="441.427" timestamp="2015-05-05T09:29:55">
  <properties>
    <property name="java.vendor" value="Oracle Corporation" />
    <property name="env.USERDOMAIN_ROAMINGPROFILE" value="LYNN-PC" />
    <property name="sun.java.launcher" value="SUN_STANDARD" />
    <property name="eclipse.pdebuild.templates" value="/C:/Users/shaofeng/Desktop/SeleniumMaterials/eclipse-jee-luna-SR1-win32-x86_64/eclipse/plugins/org.eclipse.pde.build_3.9.0.v20140415-2029/templates/" />
    <property name="sun.management.compiler" value="HotSpot 64-Bit Tiered Compilers" />
    <property name="env.PROMPT" value="$P$G" />
    <property name="os.name" value="Windows 8.1" />
    <property name="ant.file.type.XPath" value="file" />
    <property name="env.FP_NO_HOST_CHECK" value="NO" />
    <property name="sun.boot.class.path" value="C:\Program Files\Java\jre1.8.0_25\lib\resources.jar;C:\Program Files\Java\jre1.8.0_25\lib\rt.jar;C:\Program Files\Java\jre1.8.0_25\lib\sunrsasign.jar;C:\Program Files\Java\jre1.8.0_25\lib\jsse.jar;C:\Program Files\Java\jre1.8.0_25\lib\jce.jar;C:\Program Files\Java\jre1.8.0_25\lib\charsets.jar;C:\Program Files\Java\jre1.8.0_25\lib\jfr.jar;C:\Program Files\Java\jre1.8.0_25\classes" />
    <property name="env.COMPUTERNAME" value="LYNN-PC" />
    <property name="env.CommonProgramW6432" value="C:\Program Files\Common Files" />
    <property name="env.ALLUSERSPROFILE" value="C:\ProgramData" />
    <property name="sun.desktop" value="windows" />
    <property name="java.vm.specification.vendor" value="Oracle Corporation" />
    <property name="ant.file.XPath" value="C:\Users\shaofeng\git\egitXPath\XPath\build.xml" />
    <property name="ant.home" value="C:\Users\shaofeng\Desktop\SeleniumMaterials\eclipse-jee-luna-SR1-win32-x86_64\eclipse\plugins\org.apache.ant_1.9.2.v201404171502" />
    <property name="java.runtime.version" value="1.8.0_25-b18" />
    <property name="env.HOMEPATH" value="\Users\shaofeng" />
    <property name="user.name" value="shaofeng" />
    <property name="user.language" value="zh" />
    <property name="sun.boot.library.path" value="C:\Program Files\Java\jre1.8.0_25\bin" />
    <property name="ant.project.default-target" value="build" />
    <property name="ant.project.name" value="XPath" />
    <property name="java.version" value="1.8.0_25" />
    <property name="env.PROCESSOR_IDENTIFIER" value="Intel64 Family 6 Model 58 Stepping 9, GenuineIntel" />
    <property name="env.OnlineServices" value="Online Services" />
    <property name="user.timezone" value="Asia/Shanghai" />
    <property name="env.TEMP" value="C:\Users\shaofeng\AppData\Local\Temp" />
    <property name="sun.arch.data.model" value="64" />
    <property name="java.endorsed.dirs" value="C:\Program Files\Java\jre1.8.0_25\lib\endorsed" />
    <property name="sun.cpu.isalist" value="amd64" />
    <property name="env.HOMEDRIVE" value="C:" />
    <property name="sun.jnu.encoding" value="GBK" />
    <property name="file.encoding.pkg" value="sun.io" />
    <property name="ECLIPSE_HOME" value="../../../Desktop/SeleniumMaterials/eclipse-jee-luna-SR1-win32-x86_64/eclipse/" />
    <property name="file.separator" value="\" />
    <property name="java.specification.name" value="Java Platform API Specification" />
    <property name="java.class.version" value="52.0" />
    <property name="user.country" value="CN" />
    <property name="java.home" value="C:\Program Files\Java\jre1.8.0_25" />
    <property name="env.PSModulePath" value="C:\WINDOWS\system32\WindowsPowerShell\v1.0\Modules\" />
    <property name="env.APPDATA" value="C:\Users\shaofeng\AppData\Roaming" />
    <property name="env.PUBLIC" value="C:\Users\Public" />
    <property name="java.vm.info" value="mixed mode" />
    <property name="env.ComSpec" value="C:\WINDOWS\system32\cmd.exe" />
    <property name="env.OS" value="Windows_NT" />
    <property name="env.CommonProgramFiles" value="C:\Program Files\Common Files" />
    <property name="ant.file" value="C:\Users\shaofeng\git\egitXPath\XPath\build.xml" />
    <property name="os.version" value="6.3" />
    <property name="env.ProgramW6432" value="C:\Program Files" />
    <property name="path.separator" value=";" />
    <property name="java.vm.version" value="25.25-b02" />
    <property name="env.USERPROFILE" value="C:\Users\shaofeng" />
    <property name="user.variant" value="" />
    <property name="ant.library.dir" value="C:\Users\shaofeng\Desktop\SeleniumMaterials\eclipse-jee-luna-SR1-win32-x86_64\eclipse\plugins\org.apache.ant_1.9.2.v201404171502\lib" />
    <property name="junit.output.dir" value="junit" />
    <property name="env.JAVA_HOME" value="C:\Program Files\Java\jdk1.8.0_25" />
    <property name="java.awt.printerjob" value="sun.awt.windows.WPrinterJob" />
    <property name="env.TMP" value="C:\Users\shaofeng\AppData\Local\Temp" />
    <property name="sun.io.unicode.encoding" value="UnicodeLittle" />
    <property name="awt.toolkit" value="sun.awt.windows.WToolkit" />
    <property name="user.script" value="" />
    <property name="eclipse.pdebuild.scripts" value="/C:/Users/shaofeng/Desktop/SeleniumMaterials/eclipse-jee-luna-SR1-win32-x86_64/eclipse/plugins/org.eclipse.pde.build_3.9.0.v20140415-2029/scripts/" />
    <property name="user.home" value="C:\Users\shaofeng" />
    <property name="target" value="1.8" />
    <property name="env.ProgramData" value="C:\ProgramData" />
    <property name="env.SESSIONNAME" value="Console" />
    <property name="env.ProgramFiles(x86)" value="C:\Program Files (x86)" />
    <property name="java.specification.vendor" value="Oracle Corporation" />
    <property name="env.CLASSPATH" value=".;C:\Program Files\Java\jdk1.8.0_25\lib;C:\Program Files\Java\jdk1.8.0_25\lib\tools.jar" />
    <property name="java.library.path" value="C:\Program Files\Java\jre1.8.0_25\bin;C:\WINDOWS\Sun\Java\bin;C:\WINDOWS\system32;C:\WINDOWS;C:/Program Files/Java/jre1.8.0_25/bin/server;C:/Program Files/Java/jre1.8.0_25/bin;C:/Program Files/Java/jre1.8.0_25/lib/amd64;C:\oraclexe\app\oracle\product\11.2.0\server\bin;;C:\ProgramData\Oracle\Java\javapath;c:\Program Files (x86)\Intel\iCLS Client\;c:\Program Files\Intel\iCLS Client\;C:\Program Files (x86)\NVIDIA Corporation\PhysX\Common;C:\WINDOWS\system32;C:\WINDOWS;C:\WINDOWS\System32\Wbem;C:\WINDOWS\System32\WindowsPowerShell\v1.0\;C:\Program Files\Intel\Intel(R) Management Engine Components\DAL;C:\Program Files\Intel\Intel(R) Management Engine Components\IPT;C:\Program Files (x86)\Intel\Intel(R) Management Engine Components\DAL;C:\Program Files (x86)\Intel\Intel(R) Management Engine Components\IPT;C:\Program Files (x86)\Windows Live\Shared;C:\cygwin\bin;C:\Users\shaofeng\Desktop\SeleniumMaterials\eclipse-jee-luna-SR1-win32-x86_64\eclipse;;." />
    <property name="env.NUMBER_OF_PROCESSORS" value="4" />
    <property name="java.vendor.url" value="http://java.oracle.com/" />
    <property name="java.vm.vendor" value="Oracle Corporation" />
    <property name="java.runtime.name" value="Java(TM) SE Runtime Environment" />
    <property name="ant.version" value="Apache Ant(TM) version 1.9.2 compiled on July 8 2013" />
    <property name="java.class.path" value="C:\Users\shaofeng\git\egitXPath\XPath\bin;C:\Users\shaofeng\Desktop\SeleniumMaterials\eclipse-jee-luna-SR1-win32-x86_64\eclipse\plugins\org.testng.eclipse_6.8.6.20141201_2240\lib\testng.jar;C:\Users\shaofeng\Desktop\SeleniumMaterials\eclipse-jee-luna-SR1-win32-x86_64\eclipse\plugins\org.junit_4.11.0.v201303080030\junit.jar;C:\Users\shaofeng\Desktop\SeleniumMaterials\eclipse-jee-luna-SR1-win32-x86_64\eclipse\plugins\org.hamcrest.core_1.3.0.v201303031735.jar;C:\Users\shaofeng\Desktop\SeleniumMaterials\selenium-java-2.45.0\selenium-2.45.0\selenium-java-2.45.0.jar;C:\Users\shaofeng\Desktop\SeleniumMaterials\selenium-java-2.45.0\selenium-2.45.0\selenium-java-2.45.0-srcs.jar;C:\Users\shaofeng\Desktop\SeleniumMaterials\selenium-java-2.45.0\selenium-2.45.0\libs\apache-mime4j-0.6.jar;C:\Users\shaofeng\Desktop\SeleniumMaterials\selenium-java-2.45.0\selenium-2.45.0\libs\cglib-nodep-2.1_3.jar;C:\Users\shaofeng\Desktop\SeleniumMaterials\selenium-java-2.45.0\selenium-2.45.0\libs\commons-codec-1.9.jar;C:\Users\shaofeng\Desktop\SeleniumMaterials\selenium-java-2.45.0\selenium-2.45.0\libs\commons-collections-3.2.1.jar;C:\Users\shaofeng\Desktop\SeleniumMaterials\selenium-java-2.45.0\selenium-2.45.0\libs\commons-exec-1.1.jar;C:\Users\shaofeng\Desktop\SeleniumMaterials\selenium-java-2.45.0\selenium-2.45.0\libs\commons-io-2.4.jar;C:\Users\shaofeng\Desktop\SeleniumMaterials\selenium-java-2.45.0\selenium-2.45.0\libs\commons-jxpath-1.3.jar;C:\Users\shaofeng\Desktop\SeleniumMaterials\selenium-java-2.45.0\selenium-2.45.0\libs\commons-lang3-3.3.2.jar;C:\Users\shaofeng\Desktop\SeleniumMaterials\selenium-java-2.45.0\selenium-2.45.0\libs\commons-logging-1.1.3.jar;C:\Users\shaofeng\Desktop\SeleniumMaterials\selenium-java-2.45.0\selenium-2.45.0\libs\cssparser-0.9.14.jar;C:\Users\shaofeng\Desktop\SeleniumMaterials\selenium-java-2.45.0\selenium-2.45.0\libs\gson-2.3.1.jar;C:\Users\shaofeng\Desktop\SeleniumMaterials\selenium-java-2.45.0\selenium-2.45.0\libs\guava-18.0.jar;C:\Users\shaofeng\Desktop\SeleniumMaterials\selenium-java-2.45.0\selenium-2.45.0\libs\hamcrest-core-1.3.jar;C:\Users\shaofeng\Desktop\SeleniumMaterials\selenium-java-2.45.0\selenium-2.45.0\libs\hamcrest-library-1.3.jar;C:\Users\shaofeng\Desktop\SeleniumMaterials\selenium-java-2.45.0\selenium-2.45.0\libs\htmlunit-2.15.jar;C:\Users\shaofeng\Desktop\SeleniumMaterials\selenium-java-2.45.0\selenium-2.45.0\libs\htmlunit-core-js-2.15.jar;C:\Users\shaofeng\Desktop\SeleniumMaterials\selenium-java-2.45.0\selenium-2.45.0\libs\httpclient-4.3.6.jar;C:\Users\shaofeng\Desktop\SeleniumMaterials\selenium-java-2.45.0\selenium-2.45.0\libs\httpcore-4.3.3.jar;C:\Users\shaofeng\Desktop\SeleniumMaterials\selenium-java-2.45.0\selenium-2.45.0\libs\httpmime-4.3.6.jar;C:\Users\shaofeng\Desktop\SeleniumMaterials\selenium-java-2.45.0\selenium-2.45.0\libs\ini4j-0.5.2.jar;C:\Users\shaofeng\Desktop\SeleniumMaterials\selenium-java-2.45.0\selenium-2.45.0\libs\jetty-websocket-8.1.8.jar;C:\Users\shaofeng\Desktop\SeleniumMaterials\selenium-java-2.45.0\selenium-2.45.0\libs\jna-3.4.0.jar;C:\Users\shaofeng\Desktop\SeleniumMaterials\selenium-java-2.45.0\selenium-2.45.0\libs\jna-platform-3.4.0.jar;C:\Users\shaofeng\Desktop\SeleniumMaterials\selenium-java-2.45.0\selenium-2.45.0\libs\junit-dep-4.11.jar;C:\Users\shaofeng\Desktop\SeleniumMaterials\selenium-java-2.45.0\selenium-2.45.0\libs\nekohtml-1.9.21.jar;C:\Users\shaofeng\Desktop\SeleniumMaterials\selenium-java-2.45.0\selenium-2.45.0\libs\netty-3.5.7.Final.jar;C:\Users\shaofeng\Desktop\SeleniumMaterials\selenium-java-2.45.0\selenium-2.45.0\libs\operadriver-1.5.jar;C:\Users\shaofeng\Desktop\SeleniumMaterials\selenium-java-2.45.0\selenium-2.45.0\libs\phantomjsdriver-1.2.1.jar;C:\Users\shaofeng\Desktop\SeleniumMaterials\selenium-java-2.45.0\selenium-2.45.0\libs\protobuf-java-2.4.1.jar;C:\Users\shaofeng\Desktop\SeleniumMaterials\selenium-java-2.45.0\selenium-2.45.0\libs\sac-1.3.jar;C:\Users\shaofeng\Desktop\SeleniumMaterials\selenium-java-2.45.0\selenium-2.45.0\libs\serializer-2.7.1.jar;C:\Users\shaofeng\Desktop\SeleniumMaterials\selenium-java-2.45.0\selenium-2.45.0\libs\xalan-2.7.1.jar;C:\Users\shaofeng\Desktop\SeleniumMaterials\selenium-java-2.45.0\selenium-2.45.0\libs\xercesImpl-2.11.0.jar;C:\Users\shaofeng\Desktop\SeleniumMaterials\selenium-java-2.45.0\selenium-2.45.0\libs\xml-apis-1.4.01.jar;C:\Users\shaofeng\git\egitXPath\XPath;C:\Program Files\Java\jdk1.8.0_25\lib;C:\Program Files\Java\jdk1.8.0_25\lib\tools.jar;C:\Users\shaofeng\Desktop\SeleniumMaterials\eclipse-jee-luna-SR1-win32-x86_64\eclipse\plugins\org.apache.ant_1.9.2.v201404171502\lib\ant-launcher.jar;C:\Users\shaofeng\Desktop\SeleniumMaterials\eclipse-jee-luna-SR1-win32-x86_64\eclipse\plugins\org.apache.ant_1.9.2.v201404171502\lib\ant.jar;C:\Users\shaofeng\Desktop\SeleniumMaterials\eclipse-jee-luna-SR1-win32-x86_64\eclipse\plugins\org.apache.ant_1.9.2.v201404171502\lib\ant-junit.jar;C:\Users\shaofeng\Desktop\SeleniumMaterials\eclipse-jee-luna-SR1-win32-x86_64\eclipse\plugins\org.apache.ant_1.9.2.v201404171502\lib\ant-junit4.jar" />
    <property name="sun.java.command" value="org.apache.tools.ant.taskdefs.optional.junit.JUnitTestRunner org.selenium.junit.FindElementByName filtertrace=true haltOnError=false haltOnFailure=false formatter=org.apache.tools.ant.taskdefs.optional.junit.OutErrSummaryJUnitResultFormatter showoutput=false outputtoformatters=true logfailedtests=true logtestlistenerevents=false formatter=org.apache.tools.ant.taskdefs.optional.junit.XMLJUnitResultFormatter,C:\Users\shaofeng\git\egitXPath\XPath\junit\TEST-org.selenium.junit.FindElementByName.xml crashfile=C:\Users\shaofeng\git\egitXPath\XPath\junitvmwatcher715044966392889918.properties propsfile=C:\Users\shaofeng\git\egitXPath\XPath\junit2354355362512123960.properties" />
    <property name="java.vm.specification.name" value="Java Virtual Machine Specification" />
    <property name="env.LOGONSERVER" value="\\MicrosoftAccount" />
    <property name="env.windir" value="C:\WINDOWS" />
    <property name="env.PROCESSOR_ARCHITECTURE" value="AMD64" />
    <property name="java.vm.specification.version" value="1.8" />
    <property name="sun.os.patch.level" value="" />
    <property name="sun.cpu.endian" value="little" />
    <property name="debuglevel" value="source,lines,vars" />
    <property name="env.ProgramFiles" value="C:\Program Files" />
    <property name="env.ANT_HOME" value="C:\Users\shaofeng\Desktop\SeleniumMaterials\eclipse-jee-luna-SR1-win32-x86_64\eclipse\plugins\org.apache.ant_1.9.2.v201404171502" />
    <property name="java.io.tmpdir" value="C:\Users\shaofeng\AppData\Local\Temp\" />
    <property name="env.PROCESSOR_REVISION" value="3a09" />
    <property name="eclipse.pdebuild.home" value="/C:/Users/shaofeng/Desktop/SeleniumMaterials/eclipse-jee-luna-SR1-win32-x86_64/eclipse/plugins/org.eclipse.pde.build_3.9.0.v20140415-2029/./" />
    <property name="env.CommonProgramFiles(x86)" value="C:\Program Files (x86)\Common Files" />
    <property name="java.vendor.url.bug" value="http://bugreport.sun.com/bugreport/" />
    <property name="env.SystemRoot" value="C:\WINDOWS" />
    <property name="os.arch" value="amd64" />
    <property name="java.awt.graphicsenv" value="sun.awt.Win32GraphicsEnvironment" />
    <property name="java.ext.dirs" value="C:\Program Files\Java\jre1.8.0_25\lib\ext;C:\WINDOWS\Sun\Java\lib\ext" />
    <property name="user.dir" value="C:\Users\shaofeng\git\egitXPath\XPath" />
    <property name="env.LOCALAPPDATA" value="C:\Users\shaofeng\AppData\Local" />
    <property name="line.separator" value="&#xd;&#xa;" />
    <property name="java.vm.name" value="Java HotSpot(TM) 64-Bit Server VM" />
    <property name="env.PATHEXT" value=".COM;.EXE;.BAT;.CMD;.VBS;.VBE;.JS;.JSE;.WSF;.WSH;.MSC" />
    <property name="env.Path" value="C:/Program Files/Java/jre1.8.0_25/bin/server;C:/Program Files/Java/jre1.8.0_25/bin;C:/Program Files/Java/jre1.8.0_25/lib/amd64;C:\oraclexe\app\oracle\product\11.2.0\server\bin;;C:\ProgramData\Oracle\Java\javapath;c:\Program Files (x86)\Intel\iCLS Client\;c:\Program Files\Intel\iCLS Client\;C:\Program Files (x86)\NVIDIA Corporation\PhysX\Common;C:\WINDOWS\system32;C:\WINDOWS;C:\WINDOWS\System32\Wbem;C:\WINDOWS\System32\WindowsPowerShell\v1.0\;C:\Program Files\Intel\Intel(R) Management Engine Components\DAL;C:\Program Files\Intel\Intel(R) Management Engine Components\IPT;C:\Program Files (x86)\Intel\Intel(R) Management Engine Components\DAL;C:\Program Files (x86)\Intel\Intel(R) Management Engine Components\IPT;C:\Program Files (x86)\Windows Live\Shared;C:\cygwin\bin;C:\Users\shaofeng\Desktop\SeleniumMaterials\eclipse-jee-luna-SR1-win32-x86_64\eclipse;" />
    <property name="org.apache.tools.ant.taskdefs.optional.junit.AggregateTransformer0" value="C:\Users\shaofeng\AppData\Local\Temp\null874861229" />
    <property name="basedir" value="C:\Users\shaofeng\git\egitXPath\XPath" />
    <property name="ant.java.version" value="1.8" />
    <property name="ant.core.lib" value="C:\Users\shaofeng\Desktop\SeleniumMaterials\eclipse-jee-luna-SR1-win32-x86_64\eclipse\plugins\org.apache.ant_1.9.2.v201404171502\lib\ant.jar" />
    <property name="env.USERNAME" value="shaofeng" />
    <property name="env.SystemDrive" value="C:" />
    <property name="source" value="1.8" />
    <property name="file.encoding" value="GBK" />
    <property name="env.USERDOMAIN" value="LYNN-PC" />
    <property name="java.specification.version" value="1.8" />
    <property name="ant.project.invoked-targets" value="build,junitreport,FindElementByName" />
    <property name="env.Platform" value="HPD" />
    <property name="env.PROCESSOR_LEVEL" value="6" />
  </properties>
  <testcase classname="org.selenium.junit.FindElementByName" name="test" time="441.258">
    <error message="Error communicating with the remote browser. It may have died.&#xa;Build info: version: &apos;2.45.0&apos;, revision: &apos;5017cb8&apos;, time: &apos;2015-02-27 00:00:10&apos;&#xa;System info: host: &apos;Lynn-PC&apos;, ip: &apos;10.0.0.5&apos;, os.name: &apos;Windows 8.1&apos;, os.arch: &apos;amd64&apos;, os.version: &apos;6.3&apos;, java.version: &apos;1.8.0_25&apos;&#xa;Driver info: driver.version: RemoteWebDriver" type="org.openqa.selenium.remote.UnreachableBrowserException">org.openqa.selenium.remote.UnreachableBrowserException: Error communicating with the remote browser. It may have died.
Build info: version: &apos;2.45.0&apos;, revision: &apos;5017cb8&apos;, time: &apos;2015-02-27 00:00:10&apos;
System info: host: &apos;Lynn-PC&apos;, ip: &apos;10.0.0.5&apos;, os.name: &apos;Windows 8.1&apos;, os.arch: &apos;amd64&apos;, os.version: &apos;6.3&apos;, java.version: &apos;1.8.0_25&apos;
Driver info: driver.version: RemoteWebDriver
	at org.openqa.selenium.remote.RemoteWebDriver.execute(RemoteWebDriver.java:593)
	at org.openqa.selenium.remote.RemoteWebDriver.get(RemoteWebDriver.java:304)
	at org.selenium.junit.FindElementByName.before(FindElementByName.java:19)
Caused by: org.apache.http.conn.HttpHostConnectException: Connect to 127.0.0.1:7055 [/127.0.0.1] failed: Connection refused: connect
	at org.apache.http.impl.conn.HttpClientConnectionOperator.connect(HttpClientConnectionOperator.java:142)
	at org.apache.http.impl.conn.PoolingHttpClientConnectionManager.connect(PoolingHttpClientConnectionManager.java:319)
	at org.apache.http.impl.execchain.MainClientExec.establishRoute(MainClientExec.java:363)
	at org.apache.http.impl.execchain.MainClientExec.execute(MainClientExec.java:219)
	at org.apache.http.impl.execchain.ProtocolExec.execute(ProtocolExec.java:195)
	at org.apache.http.impl.execchain.RetryExec.execute(RetryExec.java:86)
	at org.apache.http.impl.execchain.RedirectExec.execute(RedirectExec.java:108)
	at org.apache.http.impl.client.InternalHttpClient.doExecute(InternalHttpClient.java:184)
	at org.apache.http.impl.client.CloseableHttpClient.execute(CloseableHttpClient.java:72)
	at org.apache.http.impl.client.CloseableHttpClient.execute(CloseableHttpClient.java:57)
	at org.openqa.selenium.remote.internal.ApacheHttpClient.fallBackExecute(ApacheHttpClient.java:144)
	at org.openqa.selenium.remote.internal.ApacheHttpClient.execute(ApacheHttpClient.java:72)
	at org.openqa.selenium.remote.HttpCommandExecutor.execute(HttpCommandExecutor.java:133)
	at org.openqa.selenium.firefox.internal.NewProfileExtensionConnection.execute(NewProfileExtensionConnection.java:165)
	at org.openqa.selenium.firefox.FirefoxDriver$LazyCommandExecutor.execute(FirefoxDriver.java:362)
	at org.openqa.selenium.remote.RemoteWebDriver.execute(RemoteWebDriver.java:572)
Caused by: java.net.ConnectException: Connection refused: connect
	at java.net.DualStackPlainSocketImpl.waitForConnect(Native Method)
	at java.net.DualStackPlainSocketImpl.socketConnect(Unknown Source)
	at java.net.AbstractPlainSocketImpl.doConnect(Unknown Source)
	at java.net.AbstractPlainSocketImpl.connectToAddress(Unknown Source)
	at java.net.AbstractPlainSocketImpl.connect(Unknown Source)
	at java.net.PlainSocketImpl.connect(Unknown Source)
	at java.net.SocksSocketImpl.connect(Unknown Source)
	at java.net.Socket.connect(Unknown Source)
	at org.apache.http.conn.socket.PlainConnectionSocketFactory.connectSocket(PlainConnectionSocketFactory.java:72)
	at org.apache.http.impl.conn.HttpClientConnectionOperator.connect(HttpClientConnectionOperator.java:125)
</error>
    <error message="Error communicating with the remote browser. It may have died.&#xa;Build info: version: &apos;2.45.0&apos;, revision: &apos;5017cb8&apos;, time: &apos;2015-02-27 00:00:10&apos;&#xa;System info: host: &apos;Lynn-PC&apos;, ip: &apos;10.0.0.5&apos;, os.name: &apos;Windows 8.1&apos;, os.arch: &apos;amd64&apos;, os.version: &apos;6.3&apos;, java.version: &apos;1.8.0_25&apos;&#xa;Driver info: driver.version: RemoteWebDriver" type="org.openqa.selenium.remote.UnreachableBrowserException">org.openqa.selenium.remote.UnreachableBrowserException: Error communicating with the remote browser. It may have died.
Build info: version: &apos;2.45.0&apos;, revision: &apos;5017cb8&apos;, time: &apos;2015-02-27 00:00:10&apos;
System info: host: &apos;Lynn-PC&apos;, ip: &apos;10.0.0.5&apos;, os.name: &apos;Windows 8.1&apos;, os.arch: &apos;amd64&apos;, os.version: &apos;6.3&apos;, java.version: &apos;1.8.0_25&apos;
Driver info: driver.version: RemoteWebDriver
	at org.openqa.selenium.remote.RemoteWebDriver.execute(RemoteWebDriver.java:593)
	at org.openqa.selenium.remote.RemoteWebDriver.execute(RemoteWebDriver.java:622)
	at org.openqa.selenium.remote.RemoteWebDriver.quit(RemoteWebDriver.java:468)
	at org.selenium.junit.FindElementByName.After(FindElementByName.java:40)
Caused by: org.apache.http.conn.HttpHostConnectException: Connect to 127.0.0.1:7055 [/127.0.0.1] failed: Connection refused: connect
	at org.apache.http.impl.conn.HttpClientConnectionOperator.connect(HttpClientConnectionOperator.java:142)
	at org.apache.http.impl.conn.PoolingHttpClientConnectionManager.connect(PoolingHttpClientConnectionManager.java:319)
	at org.apache.http.impl.execchain.MainClientExec.establishRoute(MainClientExec.java:363)
	at org.apache.http.impl.execchain.MainClientExec.execute(MainClientExec.java:219)
	at org.apache.http.impl.execchain.ProtocolExec.execute(ProtocolExec.java:195)
	at org.apache.http.impl.execchain.RetryExec.execute(RetryExec.java:86)
	at org.apache.http.impl.execchain.RedirectExec.execute(RedirectExec.java:108)
	at org.apache.http.impl.client.InternalHttpClient.doExecute(InternalHttpClient.java:184)
	at org.apache.http.impl.client.CloseableHttpClient.execute(CloseableHttpClient.java:72)
	at org.apache.http.impl.client.CloseableHttpClient.execute(CloseableHttpClient.java:57)
	at org.openqa.selenium.remote.internal.ApacheHttpClient.fallBackExecute(ApacheHttpClient.java:126)
	at org.openqa.selenium.remote.internal.ApacheHttpClient.execute(ApacheHttpClient.java:72)
	at org.openqa.selenium.remote.HttpCommandExecutor.execute(HttpCommandExecutor.java:133)
	at org.openqa.selenium.firefox.internal.NewProfileExtensionConnection.execute(NewProfileExtensionConnection.java:165)
	at org.openqa.selenium.firefox.FirefoxDriver$LazyCommandExecutor.execute(FirefoxDriver.java:362)
	at org.openqa.selenium.remote.RemoteWebDriver.execute(RemoteWebDriver.java:572)
Caused by: java.net.ConnectException: Connection refused: connect
	at java.net.DualStackPlainSocketImpl.waitForConnect(Native Method)
	at java.net.DualStackPlainSocketImpl.socketConnect(Unknown Source)
	at java.net.AbstractPlainSocketImpl.doConnect(Unknown Source)
	at java.net.AbstractPlainSocketImpl.connectToAddress(Unknown Source)
	at java.net.AbstractPlainSocketImpl.connect(Unknown Source)
	at java.net.PlainSocketImpl.connect(Unknown Source)
	at java.net.SocksSocketImpl.connect(Unknown Source)
	at java.net.Socket.connect(Unknown Source)
	at org.apache.http.conn.socket.PlainConnectionSocketFactory.connectSocket(PlainConnectionSocketFactory.java:72)
	at org.apache.http.impl.conn.HttpClientConnectionOperator.connect(HttpClientConnectionOperator.java:125)
</error>
  </testcase>
  <system-out><![CDATA[]]></system-out>
  <system-err><![CDATA[]]></system-err>
</testsuite>
